<?xml version="1.0" encoding="UTF-8"?>
<testng-results ignored="0" total="1" passed="1" failed="0" skipped="0">
  <reporter-output>
  </reporter-output>
  <suite started-at="2026-05-02T09:40:57 IST" name="Default suite" finished-at="2026-05-02T09:41:03 IST" duration-ms="6362">
    <groups>
    </groups>
    <test started-at="2026-05-02T09:40:57 IST" name="Default test" finished-at="2026-05-02T09:41:03 IST" duration-ms="6362">
      <class name="Books.dws_Tc_01">
        <test-method signature="launch()[pri:0, instance:Books.dws_Tc_01@1700915]" started-at="2026-05-02T09:40:57 IST" name="launch" finished-at="2026-05-02T09:41:03 IST" duration-ms="6327" status="PASS">
          <reporter-output>
          </reporter-output>
        </test-method> <!-- launch -->
      </class> <!-- Books.dws_Tc_01 -->
    </test> <!-- Default test -->
  </suite> <!-- Default suite -->
</testng-results>
